# JRE version: Java(TM) SE Runtime Environment (8.0_20-b26) (build 1.8.0_20-b26)
# Java VM: Java HotSpot(TM) Client VM (25.20-b23 mixed mode windows-x86 )
Heap:
 def new generation   total 24192K, used 1072K [0x05600000, 0x07030000, 0x0ab50000)
  eden space 21568K,   4% used [0x05600000, 0x0570c080, 0x06b10000)
  from space 2624K,   0% used [0x06b10000, 0x06b10000, 0x06da0000)
  to   space 2624K,   0% used [0x06da0000, 0x06da0000, 0x07030000)
 tenured generation   total 53620K, used 32169K [0x0ab50000, 0x0dfad000, 0x15600000)
   the space 53620K,  59% used [0x0ab50000, 0x0caba7d8, 0x0caba800, 0x0dfad000)
 Metaspace       used 16794K, capacity 17090K, committed 17152K, reserved 17792K
GC Heap History (10 events):
Event: 15.734 GC heap before
{Heap before GC invocations=55 (full 3):
 def new generation   total 19136K, used 19136K [0x05600000, 0x06ac0000, 0x0ab50000)
  eden space 17024K, 100% used [0x05600000, 0x066a0000, 0x066a0000)
  from space 2112K, 100% used [0x066a0000, 0x068b0000, 0x068b0000)
  to   space 2112K,   0% used [0x068b0000, 0x068b0000, 0x06ac0000)
 tenured generation   total 42376K, used 36145K [0x0ab50000, 0x0d4b2000, 0x15600000)
   the space 42376K,  85% used [0x0ab50000, 0x0ce9c740, 0x0ce9c800, 0x0d4b2000)
 Metaspace       used 15833K, capacity 16072K, committed 16128K, reserved 16768K
Event: 15.743 GC heap after
Heap after GC invocations=56 (full 3):
 def new generation   total 19136K, used 2112K [0x05600000, 0x06ac0000, 0x0ab50000)
  eden space 17024K,   0% used [0x05600000, 0x05600000, 0x066a0000)
  from space 2112K, 100% used [0x068b0000, 0x06ac0000, 0x06ac0000)
  to   space 2112K,   0% used [0x066a0000, 0x066a0000, 0x068b0000)
 tenured generation   total 42376K, used 37737K [0x0ab50000, 0x0d4b2000, 0x15600000)
   the space 42376K,  89% used [0x0ab50000, 0x0d02a6d0, 0x0d02a800, 0x0d4b2000)
 Metaspace       used 15833K, capacity 16072K, committed 16128K, reserved 16768K
}
Event: 15.848 GC heap before
{Heap before GC invocations=56 (full 3):
 def new generation   total 19136K, used 19136K [0x05600000, 0x06ac0000, 0x0ab50000)
  eden space 17024K, 100% used [0x05600000, 0x066a0000, 0x066a0000)
  from space 2112K, 100% used [0x068b0000, 0x06ac0000, 0x06ac0000)
  to   space 2112K,   0% used [0x066a0000, 0x066a0000, 0x068b0000)
 tenured generation   total 42376K, used 37737K [0x0ab50000, 0x0d4b2000, 0x15600000)
   the space 42376K,  89% used [0x0ab50000, 0x0d02a6d0, 0x0d02a800, 0x0d4b2000)
 Metaspace       used 15834K, capacity 16074K, committed 16256K, reserved 16768K
Event: 15.853 GC heap after
Heap after GC invocations=57 (full 3):
 def new generation   total 19136K, used 981K [0x05600000, 0x06ac0000, 0x0ab50000)
  eden space 17024K,   0% used [0x05600000, 0x05600000, 0x066a0000)
  from space 2112K,  46% used [0x066a0000, 0x06795520, 0x068b0000)
  to   space 2112K,   0% used [0x068b0000, 0x068b0000, 0x06ac0000)
 tenured generation   total 42376K, used 39115K [0x0ab50000, 0x0d4b2000, 0x15600000)
   the space 42376K,  92% used [0x0ab50000, 0x0d182e98, 0x0d183000, 0x0d4b2000)
 Metaspace       used 15834K, capacity 16074K, committed 16256K, reserved 16768K
}
Event: 18.458 GC heap before
{Heap before GC invocations=57 (full 3):
 def new generation   total 19136K, used 18005K [0x05600000, 0x06ac0000, 0x0ab50000)
  eden space 17024K, 100% used [0x05600000, 0x066a0000, 0x066a0000)
  from space 2112K,  46% used [0x066a0000, 0x06795520, 0x068b0000)
  to   space 2112K,   0% used [0x068b0000, 0x068b0000, 0x06ac0000)
 tenured generation   total 42376K, used 39115K [0x0ab50000, 0x0d4b2000, 0x15600000)
   the space 42376K,  92% used [0x0ab50000, 0x0d182e98, 0x0d183000, 0x0d4b2000)
 Metaspace       used 15876K, capacity 16146K, committed 16256K, reserved 16768K
Event: 18.462 GC heap after
Heap after GC invocations=58 (full 3):
 def new generation   total 19136K, used 1901K [0x05600000, 0x06ac0000, 0x0ab50000)
  eden space 17024K,   0% used [0x05600000, 0x05600000, 0x066a0000)
  from space 2112K,  90% used [0x068b0000, 0x06a8b6c0, 0x06ac0000)
  to   space 2112K,   0% used [0x066a0000, 0x066a0000, 0x068b0000)
 tenured generation   total 42376K, used 39115K [0x0ab50000, 0x0d4b2000, 0x15600000)
   the space 42376K,  92% used [0x0ab50000, 0x0d182e98, 0x0d183000, 0x0d4b2000)
 Metaspace       used 15876K, capacity 16146K, committed 16256K, reserved 16768K
}
Event: 18.714 GC heap before
{Heap before GC invocations=58 (full 3):
 def new generation   total 19136K, used 18925K [0x05600000, 0x06ac0000, 0x0ab50000)
  eden space 17024K, 100% used [0x05600000, 0x066a0000, 0x066a0000)
  from space 2112K,  90% used [0x068b0000, 0x06a8b6c0, 0x06ac0000)
  to   space 2112K,   0% used [0x066a0000, 0x066a0000, 0x068b0000)
 tenured generation   total 42376K, used 39115K [0x0ab50000, 0x0d4b2000, 0x15600000)
   the space 42376K,  92% used [0x0ab50000, 0x0d182e98, 0x0d183000, 0x0d4b2000)
 Metaspace       used 16686K, capacity 16957K, committed 17024K, reserved 17792K
Event: 18.720 GC heap after
Heap after GC invocations=59 (full 3):
 def new generation   total 19136K, used 2112K [0x05600000, 0x06ac0000, 0x0ab50000)
  eden space 17024K,   0% used [0x05600000, 0x05600000, 0x066a0000)
  from space 2112K, 100% used [0x066a0000, 0x068b0000, 0x068b0000)
  to   space 2112K,   0% used [0x068b0000, 0x068b0000, 0x06ac0000)
 tenured generation   total 42376K, used 40218K [0x0ab50000, 0x0d4b2000, 0x15600000)
   the space 42376K,  94% used [0x0ab50000, 0x0d296a10, 0x0d296c00, 0x0d4b2000)
 Metaspace       used 16686K, capacity 16957K, committed 17024K, reserved 17792K
}
Event: 18.914 GC heap before
{Heap before GC invocations=59 (full 3):
 def new generation   total 19136K, used 15442K [0x05600000, 0x06ac0000, 0x0ab50000)
  eden space 17024K,  78% used [0x05600000, 0x06304948, 0x066a0000)
  from space 2112K, 100% used [0x066a0000, 0x068b0000, 0x068b0000)
  to   space 2112K,   0% used [0x068b0000, 0x068b0000, 0x06ac0000)
 tenured generation   total 42376K, used 40218K [0x0ab50000, 0x0d4b2000, 0x15600000)
   the space 42376K,  94% used [0x0ab50000, 0x0d296a10, 0x0d296c00, 0x0d4b2000)
 Metaspace       used 16793K, capacity 17061K, committed 17152K, reserved 17792K
Event: 19.006 GC heap after
Heap after GC invocations=60 (full 4):
 def new generation   total 24192K, used 0K [0x05600000, 0x07030000, 0x0ab50000)
  eden space 21568K,   0% used [0x05600000, 0x05600000, 0x06b10000)
  from space 2624K,   0% used [0x06b10000, 0x06b10000, 0x06da0000)
  to   space 2624K,   0% used [0x06da0000, 0x06da0000, 0x07030000)
 tenured generation   total 53620K, used 32169K [0x0ab50000, 0x0dfad000, 0x15600000)
   the space 53620K,  59% used [0x0ab50000, 0x0caba7d8, 0x0caba800, 0x0dfad000)
 Metaspace       used 16791K, capacity 17058K, committed 17152K, reserved 17792K
}

